<?xml version="1.0" encoding="UTF-8"?>
<!-- Generated by org.testng.reporters.JUnitXMLReporter -->
<testsuite hostname="DESKTOP-6M9B03E" ignored="0" name="Default test" tests="3" failures="0" timestamp="27 Jan 2020 22:33:40 GMT" time="16.734" errors="0">
  <testcase name="automationSignIn" time="2.143" classname="buildingBlocks.Search_T_SHIRTS_TestNG"/>
  <testcase name="search_T_Shirts" time="1.927" classname="buildingBlocks.Search_T_SHIRTS_TestNG"/>
  <testcase name="signOut" time="5.899" classname="buildingBlocks.Search_T_SHIRTS_TestNG"/>
</testsuite> <!-- Default test -->
