<?xml version="1.0" encoding="UTF-8"?>
<!-- Generated by org.testng.reporters.JUnitXMLReporter -->
<testsuite hostname="DESKTOP-6M9B03E" ignored="0" name="Default test" tests="6" failures="0" timestamp="2021-09-22T10:41:08 EDT" time="35.279" errors="0">
  <testcase name="openUrl" time="6.484" classname="demo.TestShowcaseDesignersSite"/>
  <testcase name="clickOnShowcase" time="5.078" classname="demo.TestShowcaseDesignersSite"/>
  <testcase name="clickOnServices" time="5.063" classname="demo.TestShowcaseDesignersSite"/>
  <testcase name="clickOnDesigners" time="5.059" classname="demo.TestShowcaseDesignersSite"/>
  <testcase name="clickOnPackages" time="5.058" classname="demo.TestShowcaseDesignersSite"/>
  <testcase name="clickOnContact" time="5.064" classname="demo.TestShowcaseDesignersSite"/>
</testsuite> <!-- Default test -->
