<?xml version="1.0" encoding="UTF-8"?>
<testng-results skipped="0" failed="0" ignored="0" total="2" passed="2">
  <reporter-output>
  </reporter-output>
  <suite name="Suite" duration-ms="47700" started-at="2020-03-19T18:58:32Z" finished-at="2020-03-19T18:59:20Z">
    <groups>
    </groups>
    <test name="Test" duration-ms="47700" started-at="2020-03-19T18:58:32Z" finished-at="2020-03-19T18:59:20Z">
      <class name="com.docker.dockerGoogleSearchFireFox">
        <test-method status="PASS" signature="setUp()[pri:0, instance:com.docker.dockerGoogleSearchFireFox@6500df86]" name="setUp" is-config="true" duration-ms="25785" started-at="2020-03-19T18:58:32Z" finished-at="2020-03-19T18:58:58Z">
          <reporter-output>
          </reporter-output>
        </test-method> <!-- setUp -->
        <test-method status="PASS" signature="googleSearch()[pri:0, instance:com.docker.dockerGoogleSearchFireFox@6500df86]" name="googleSearch" duration-ms="21891" started-at="2020-03-19T18:58:58Z" description="Searching in google" finished-at="2020-03-19T18:59:20Z">
          <reporter-output>
          </reporter-output>
        </test-method> <!-- googleSearch -->
      </class> <!-- com.docker.dockerGoogleSearchFireFox -->
      <class name="com.docker.dockerGoogleSearchChrome">
        <test-method status="PASS" signature="setUp()[pri:0, instance:com.docker.dockerGoogleSearchChrome@42dafa95]" name="setUp" is-config="true" duration-ms="4185" started-at="2020-03-19T18:58:32Z" finished-at="2020-03-19T18:58:37Z">
          <reporter-output>
          </reporter-output>
        </test-method> <!-- setUp -->
        <test-method status="PASS" signature="googleSearch()[pri:0, instance:com.docker.dockerGoogleSearchChrome@42dafa95]" name="googleSearch" duration-ms="18255" started-at="2020-03-19T18:58:37Z" description="Searching in youtube" finished-at="2020-03-19T18:58:55Z">
          <reporter-output>
          </reporter-output>
        </test-method> <!-- googleSearch -->
      </class> <!-- com.docker.dockerGoogleSearchChrome -->
    </test> <!-- Test -->
  </suite> <!-- Suite -->
</testng-results>
