<?xml version="1.0" encoding="UTF-8"?>
<testng-results skipped="0" failed="0" ignored="0" total="1" passed="1">
  <reporter-output>
  </reporter-output>
  <suite name="Default suite" duration-ms="13594" started-at="2020-03-17T20:11:17Z" finished-at="2020-03-17T20:11:31Z">
    <groups>
    </groups>
    <test name="Default test" duration-ms="13594" started-at="2020-03-17T20:11:17Z" finished-at="2020-03-17T20:11:31Z">
      <class name="com.docker.dockerGoogleSearchChrome">
        <test-method status="PASS" signature="setUp()[pri:0, instance:com.docker.dockerGoogleSearchChrome@589838eb]" name="setUp" is-config="true" duration-ms="2272" started-at="2020-03-17T20:11:17Z" finished-at="2020-03-17T20:11:20Z">
          <reporter-output>
          </reporter-output>
        </test-method> <!-- setUp -->
        <test-method status="PASS" signature="googleSearch()[pri:0, instance:com.docker.dockerGoogleSearchChrome@589838eb]" name="googleSearch" duration-ms="11291" started-at="2020-03-17T20:11:20Z" finished-at="2020-03-17T20:11:31Z">
          <reporter-output>
          </reporter-output>
        </test-method> <!-- googleSearch -->
      </class> <!-- com.docker.dockerGoogleSearchChrome -->
    </test> <!-- Default test -->
  </suite> <!-- Default suite -->
</testng-results>
