<?xml version="1.0" encoding="UTF-8"?>
<!-- Generated by org.testng.reporters.JUnitXMLReporter -->
<testsuite hostname="DESKTOP-6M9B03E" ignored="0" name="Test1" tests="5" failures="0" timestamp="2019-11-26T15:37:41 EST" time="0.094" errors="0">
  <testcase name="test1" time="0.016" classname="demo.TestNGGroupDemo3"/>
  <testcase name="test2" time="0.002" classname="demo.TestNGGroupDemo3"/>
  <testcase name="test3" time="0.003" classname="demo.TestNGGroupDemo3"/>
  <testcase name="test4" time="0.002" classname="demo.TestNGGroupDemo3"/>
  <testcase name="test5" time="0.001" classname="demo.TestNGGroupDemo3"/>
</testsuite> <!-- Test1 -->
