<?xml version="1.0" encoding="UTF-8"?>
<!-- Generated by org.testng.reporters.JUnitXMLReporter -->
<testsuite hostname="DESKTOP-6M9B03E" ignored="3" name="Test1" tests="2" failures="0" timestamp="2019-11-18T18:50:02 EST" time="0.066" errors="0">
  <testcase name="test2" time="0.011" classname="demo.TestNGGroupDemo2"/>
  <testcase name="test5" time="0.0" classname="demo.TestNGGroupDemo2"/>
  <testcase name="test1" time="0.0" classname="demo.TestNGGroupDemo2">
    <ignored/>
  </testcase> <!-- test1 -->
  <testcase name="test3" time="0.0" classname="demo.TestNGGroupDemo2">
    <ignored/>
  </testcase> <!-- test3 -->
  <testcase name="test4" time="0.0" classname="demo.TestNGGroupDemo2">
    <ignored/>
  </testcase> <!-- test4 -->
</testsuite> <!-- Test1 -->
